
 /----------------------------------------------------------------------------\
 |  yosys -- Yosys Open SYnthesis Suite                                       |
 |  Copyright (C) 2012 - 2024  Claire Xenia Wolf <claire@yosyshq.com>         |
 |  Distributed under an ISC-like license, type "license" to see terms        |
 \----------------------------------------------------------------------------/
 Yosys 0.38+113 (git sha1 91fbd5898, clang++ 14.0.0-1ubuntu1.1 -fPIC -Os)

-- Executing script file `design_smt2.ys' --

1. Executing RTLIL frontend.
Input filename: design_prep.il

2. Executing HIERARCHY pass (managing design hierarchy).

2.1. Analyzing design hierarchy..
Top module:  \ecc_formal
Used module:     $paramod$1c30f2163cb5e36a578e32ac373d2515339c3b32\ecc_enc
Used module:     $paramod$9fc1b99b4303f8ab03ef0851e89b79564da24ef6\ecc_dec

2.2. Analyzing design hierarchy..
Top module:  \ecc_formal
Used module:     $paramod$1c30f2163cb5e36a578e32ac373d2515339c3b32\ecc_enc
Used module:     $paramod$9fc1b99b4303f8ab03ef0851e89b79564da24ef6\ecc_dec
Removed 0 unused modules.
Module ecc_formal directly or indirectly contains formal properties -> setting "keep" attribute.

3. Executing FORMALFF pass.

4. Executing DFFUNMAP pass (unmap clock enable and synchronous reset from FFs).

5. Printing statistics.

=== ecc_formal ===

   Number of wires:                112
   Number of wire bits:           2414
   Number of public wires:          66
   Number of public wire bits:    1929
   Number of memories:               0
   Number of memory bits:            0
   Number of processes:              0
   Number of cells:                131
     $add                            1
     $and                            2
     $anyinit                       55
     $anyseq                         4
     $assert                         8
     $assume                        14
     $eq                             5
     $ff                             1
     $le                             2
     $logic_not                      5
     $logic_or                       1
     $mux                            8
     $ne                            11
     $neg                            2
     $not                            2
     $or                             2
     $paramod$1c30f2163cb5e36a578e32ac373d2515339c3b32\ecc_enc      1
     $paramod$9fc1b99b4303f8ab03ef0851e89b79564da24ef6\ecc_dec      1
     $shift                          4
     $shiftx                         2

=== $paramod$9fc1b99b4303f8ab03ef0851e89b79564da24ef6\ecc_dec ===

   Number of wires:                122
   Number of wire bits:            610
   Number of public wires:          22
   Number of public wire bits:     290
   Number of memories:               0
   Number of memory bits:            0
   Number of processes:              0
   Number of cells:                112
     $and                            7
     $logic_not                      3
     $logic_or                       1
     $neg                            1
     $not                            3
     $or                             1
     $reduce_or                      1
     $reduce_xor                     1
     $shift                          2
     $shiftx                         1
     $sub                            1
     $xor                           90

=== $paramod$1c30f2163cb5e36a578e32ac373d2515339c3b32\ecc_enc ===

   Number of wires:                 84
   Number of wire bits:            232
   Number of public wires:           6
   Number of public wire bits:     154
   Number of memories:               0
   Number of memory bits:            0
   Number of processes:              0
   Number of cells:                 85
     $reduce_xor                     1
     $xor                           84

=== design hierarchy ===

   ecc_formal                        1
     $paramod$1c30f2163cb5e36a578e32ac373d2515339c3b32\ecc_enc      1
     $paramod$9fc1b99b4303f8ab03ef0851e89b79564da24ef6\ecc_dec      1

   Number of wires:                318
   Number of wire bits:           3256
   Number of public wires:          94
   Number of public wire bits:    2373
   Number of memories:               0
   Number of memory bits:            0
   Number of processes:              0
   Number of cells:                326
     $add                            1
     $and                            9
     $anyinit                       55
     $anyseq                         4
     $assert                         8
     $assume                        14
     $eq                             5
     $ff                             1
     $le                             2
     $logic_not                      8
     $logic_or                       2
     $mux                            8
     $ne                            11
     $neg                            3
     $not                            5
     $or                             3
     $reduce_or                      1
     $reduce_xor                     2
     $shift                          6
     $shiftx                         3
     $sub                            1
     $xor                          174

6. Executing SMT2 backend.

6.1. Executing BMUXMAP pass.

6.2. Executing DEMUXMAP pass.
Creating SMT-LIBv2 representation of module $paramod$1c30f2163cb5e36a578e32ac373d2515339c3b32\ecc_enc.
Creating SMT-LIBv2 representation of module $paramod$9fc1b99b4303f8ab03ef0851e89b79564da24ef6\ecc_dec.
Creating SMT-LIBv2 representation of module ecc_formal.

End of script. Logfile hash: a85a44473e, CPU: user 0.02s system 0.01s, MEM: 11.46 MB peak
Yosys 0.38+113 (git sha1 91fbd5898, clang++ 14.0.0-1ubuntu1.1 -fPIC -Os)
Time spent: 54% 2x write_smt2 (0 sec), 40% 2x read_ilang (0 sec), ...
