
 /----------------------------------------------------------------------------\
 |  yosys -- Yosys Open SYnthesis Suite                                       |
 |  Copyright (C) 2012 - 2024  Claire Xenia Wolf <claire@yosyshq.com>         |
 |  Distributed under an ISC-like license, type "license" to see terms        |
 \----------------------------------------------------------------------------/
 Yosys 0.38+113 (git sha1 91fbd5898, clang++ 14.0.0-1ubuntu1.1 -fPIC -Os)

-- Executing script file `design_smt2.ys' --

1. Executing RTLIL frontend.
Input filename: design_prep.il

2. Executing HIERARCHY pass (managing design hierarchy).

2.1. Analyzing design hierarchy..
Top module:  \ecc_formal
Used module:     $paramod$0215d1033c08c4f67a7b1e7962c82006c46f15ed\ecc_enc
Used module:     $paramod$c7395fb960b77b2e572a32b960749f29a7065c4a\ecc_dec

2.2. Analyzing design hierarchy..
Top module:  \ecc_formal
Used module:     $paramod$0215d1033c08c4f67a7b1e7962c82006c46f15ed\ecc_enc
Used module:     $paramod$c7395fb960b77b2e572a32b960749f29a7065c4a\ecc_dec
Removed 0 unused modules.
Module ecc_formal directly or indirectly contains formal properties -> setting "keep" attribute.

3. Executing FORMALFF pass.

4. Executing DFFUNMAP pass (unmap clock enable and synchronous reset from FFs).

5. Printing statistics.

=== ecc_formal ===

   Number of wires:                112
   Number of wire bits:           1277
   Number of public wires:          66
   Number of public wire bits:     981
   Number of memories:               0
   Number of memory bits:            0
   Number of processes:              0
   Number of cells:                131
     $add                            1
     $and                            2
     $anyinit                       55
     $anyseq                         4
     $assert                         8
     $assume                        14
     $eq                             5
     $ff                             1
     $le                             2
     $logic_not                      5
     $logic_or                       1
     $mux                            8
     $ne                            11
     $neg                            2
     $not                            2
     $or                             2
     $paramod$0215d1033c08c4f67a7b1e7962c82006c46f15ed\ecc_enc      1
     $paramod$c7395fb960b77b2e572a32b960749f29a7065c4a\ecc_dec      1
     $shift                          4
     $shiftx                         2

=== $paramod$c7395fb960b77b2e572a32b960749f29a7065c4a\ecc_dec ===

   Number of wires:                 73
   Number of wire bits:            372
   Number of public wires:          22
   Number of public wire bits:     170
   Number of memories:               0
   Number of memory bits:            0
   Number of processes:              0
   Number of cells:                 62
     $and                            7
     $logic_not                      3
     $logic_or                       1
     $neg                            1
     $not                            3
     $or                             1
     $reduce_or                      1
     $reduce_xor                     1
     $shift                          2
     $shiftx                         1
     $sub                            1
     $xor                           40

=== $paramod$0215d1033c08c4f67a7b1e7962c82006c46f15ed\ecc_enc ===

   Number of wires:                 36
   Number of wire bits:            116
   Number of public wires:           6
   Number of public wire bits:      86
   Number of memories:               0
   Number of memory bits:            0
   Number of processes:              0
   Number of cells:                 36
     $reduce_xor                     1
     $xor                           35

=== design hierarchy ===

   ecc_formal                        1
     $paramod$0215d1033c08c4f67a7b1e7962c82006c46f15ed\ecc_enc      1
     $paramod$c7395fb960b77b2e572a32b960749f29a7065c4a\ecc_dec      1

   Number of wires:                221
   Number of wire bits:           1765
   Number of public wires:          94
   Number of public wire bits:    1237
   Number of memories:               0
   Number of memory bits:            0
   Number of processes:              0
   Number of cells:                227
     $add                            1
     $and                            9
     $anyinit                       55
     $anyseq                         4
     $assert                         8
     $assume                        14
     $eq                             5
     $ff                             1
     $le                             2
     $logic_not                      8
     $logic_or                       2
     $mux                            8
     $ne                            11
     $neg                            3
     $not                            5
     $or                             3
     $reduce_or                      1
     $reduce_xor                     2
     $shift                          6
     $shiftx                         3
     $sub                            1
     $xor                           75

6. Executing SMT2 backend.

6.1. Executing BMUXMAP pass.

6.2. Executing DEMUXMAP pass.
Creating SMT-LIBv2 representation of module $paramod$0215d1033c08c4f67a7b1e7962c82006c46f15ed\ecc_enc.
Creating SMT-LIBv2 representation of module $paramod$c7395fb960b77b2e572a32b960749f29a7065c4a\ecc_dec.
Creating SMT-LIBv2 representation of module ecc_formal.

End of script. Logfile hash: 973114bcf8, CPU: user 0.01s system 0.01s, MEM: 11.20 MB peak
Yosys 0.38+113 (git sha1 91fbd5898, clang++ 14.0.0-1ubuntu1.1 -fPIC -Os)
Time spent: 63% 2x write_smt2 (0 sec), 31% 2x read_ilang (0 sec), ...
